[2016.11.23-16.50.06:246][  0]Log file open, 11/23/16 16:50:06
[2016.11.23-16.50.06:246][  0]LogInit:Display: Running engine for game: Blood_Sport
[2016.11.23-16.50.06:246][  0]LogPlatformFile: Not using cached read wrapper
[2016.11.23-16.50.06:246][  0]LogInit:Display: RandInit(-1505623543) SRandInit(-1505623541).
[2016.11.23-16.50.06:246][  0]LogTaskGraph: Started task graph with 4 named threads and 7 total threads.
[2016.11.23-16.50.06:246][  0]LogStats: Stats thread started at 0.760926
[2016.11.23-16.50.06:246][  0]LogInit: Version: 4.10.4-2872498+++depot+UE4-Releases+4.10
[2016.11.23-16.50.06:246][  0]LogInit: API Version: 2758231
[2016.11.23-16.50.06:246][  0]LogInit: Compiled (64-bit): Feb 18 2016 15:47:04
[2016.11.23-16.50.06:246][  0]LogInit: Compiled with Visual C++: 19.00.23026.00
[2016.11.23-16.50.06:246][  0]LogInit: Build Configuration: Development
[2016.11.23-16.50.06:246][  0]LogInit: Branch Name: ++depot+UE4-Releases+4.10
[2016.11.23-16.50.06:246][  0]LogInit: Command line:  
[2016.11.23-16.50.06:246][  0]LogInit: Base directory: C:/Program Files/Epic Games/4.10/Engine/Binaries/Win64/
[2016.11.23-16.50.06:246][  0]LogInit: Rocket: 1
[2016.11.23-16.50.06:310][  0]LogInit: Using libcurl 7.41.0
[2016.11.23-16.50.06:310][  0]LogInit:  - built for x86_64-pc-win32
[2016.11.23-16.50.06:310][  0]LogInit:  - supports SSL with WinSSL
[2016.11.23-16.50.06:310][  0]LogInit:  - other features:
[2016.11.23-16.50.06:310][  0]LogInit:      CURL_VERSION_SSL
[2016.11.23-16.50.06:310][  0]LogInit:      CURL_VERSION_IPV6
[2016.11.23-16.50.06:310][  0]LogInit:      CURL_VERSION_ASYNCHDNS
[2016.11.23-16.50.06:310][  0]LogInit:      CURL_VERSION_LARGEFILE
[2016.11.23-16.50.06:310][  0]LogInit:      CURL_VERSION_IDN
[2016.11.23-16.50.06:310][  0]LogInit:  CurlRequestOptions (configurable via config and command line):
[2016.11.23-16.50.06:310][  0]LogInit:  - bVerifyPeer = true  - Libcurl will verify peer certificate
[2016.11.23-16.50.06:310][  0]LogInit:  - bUseHttpProxy = false  - Libcurl will NOT use HTTP proxy
[2016.11.23-16.50.06:310][  0]LogInit:  - bDontReuseConnections = false  - Libcurl will reuse connections
[2016.11.23-16.50.06:310][  0]LogInit:  - CertBundlePath = nullptr  - Libcurl will use whatever was configured at build time.
[2016.11.23-16.50.06:391][  0]LogInit: Presizing for 0 objects not considered by GC, pre-allocating 0 bytes.
[2016.11.23-16.50.06:399][  0]LogInit: Object subsystem initialized
[2016.11.23-16.50.06:474][  0]LogInit: Selected Device Profile: [Windows]
[2016.11.23-16.50.06:475][  0]LogInit: Applying CVar settings loaded from the selected device profile: [Windows]
[2016.11.23-16.50.06:599][  0]LogInit: Computer: DESKTOP-T7QNFRT
[2016.11.23-16.50.06:599][  0]LogInit: User: James
[2016.11.23-16.50.06:599][  0]LogInit: CPU Page size=4096, Cores=4
[2016.11.23-16.50.06:599][  0]LogInit: High frequency timer resolution =3.903996 MHz
[2016.11.23-16.50.06:599][  0]LogMemory: Memory total: Physical=7.9GB (8GB approx)
[2016.11.23-16.50.06:599][  0]LogMemory: Platform Memory Stats for Windows
[2016.11.23-16.50.06:599][  0]LogMemory: Process Physical Memory: 58.36 MB used, 58.36 MB peak
[2016.11.23-16.50.06:599][  0]LogMemory: Process Virtual Memory: 55.86 MB used, 55.86 MB peak
[2016.11.23-16.50.06:599][  0]LogMemory: Physical Memory: 3227.65 MB used, 8133.83 MB total
[2016.11.23-16.50.06:599][  0]LogMemory: Virtual Memory: 382.59 MB used, 134217728.00 MB total
[2016.11.23-16.50.07:670][  0]LogTextLocalizationManager: No specific translations for ('en-GB') exist, so ('en') translations will be used.
[2016.11.23-16.50.08:936][  0]LogD3D11RHI: Found D3D11 adapter 0: AMD Radeon (TM) R9 390 Series (Feature Level 11_0)
[2016.11.23-16.50.08:936][  0]LogD3D11RHI: Adapter has 8169MB of dedicated video memory, 0MB of dedicated system memory, and 4066MB of shared system memory, 1 output[s]
[2016.11.23-16.50.08:938][  0]LogD3D11RHI: Found D3D11 adapter 1: Microsoft Basic Render Driver (Feature Level 11_0)
[2016.11.23-16.50.08:938][  0]LogD3D11RHI: Adapter has 0MB of dedicated video memory, 0MB of dedicated system memory, and 4066MB of shared system memory, 0 output[s]
[2016.11.23-16.50.08:938][  0]LogD3D11RHI: Chosen D3D11 Adapter Id = 0
[2016.11.23-16.50.08:942][  0]LogD3D11RHI: !Direct3DDevice
[2016.11.23-16.50.08:943][  0]LogRHI: Texture pool is 1361 MB (70% of 1945 MB)
[2016.11.23-16.50.08:967][  0]LogD3D11RHI: Async texture creation disabled: no driver support
[2016.11.23-16.50.09:045][  0]LogShaderCompilers: Guid format shader working directory is -20 characters bigger than the processId version (../../../../../../BloodSport/Blood_Sport/Intermediate/Shaders/WorkingDirectory/2288/).
[2016.11.23-16.50.09:046][  0]LogShaderCompilers: Cleaned the shader compiler working directory 'C:/TEMP/UnrealShaderWorkingDir/568538C4429DC2C5F5265CB25C25F15E/'.
[2016.11.23-16.50.09:046][  0]LogShaderCompilers:Display: Using Local Shader Compiler.
[2016.11.23-16.50.19:172][  0]LogTemp:Display: Loaded TP AllDesktopTargetPlatform
[2016.11.23-16.50.19:186][  0]LogTemp:Display: Loaded TP WindowsClientTargetPlatform
[2016.11.23-16.50.19:207][  0]LogTemp:Display: Loaded TP WindowsNoEditorTargetPlatform
[2016.11.23-16.50.19:218][  0]LogTemp:Display: Loaded TP WindowsServerTargetPlatform
[2016.11.23-16.50.19:230][  0]LogTemp:Display: Loaded TP WindowsTargetPlatform
[2016.11.23-16.50.19:240][  0]LogTemp:Display: Loaded TP AndroidTargetPlatform
[2016.11.23-16.50.19:245][  0]LogTemp:Display: Loaded TP Android_ASTCTargetPlatform
[2016.11.23-16.50.19:249][  0]LogTemp:Display: Loaded TP Android_ATCTargetPlatform
[2016.11.23-16.50.19:254][  0]LogTemp:Display: Loaded TP Android_DXTTargetPlatform
[2016.11.23-16.50.19:259][  0]LogTemp:Display: Loaded TP Android_ETC1TargetPlatform
[2016.11.23-16.50.19:264][  0]LogTemp:Display: Loaded TP Android_ETC2TargetPlatform
[2016.11.23-16.50.19:271][  0]LogTemp:Display: Loaded TP Android_MultiTargetPlatform
[2016.11.23-16.50.19:271][  0]LogTemp:Display: Loaded TP Android_PVRTCTargetPlatform
[2016.11.23-16.50.19:273][  0]LogTemp:Display: Loaded TP HTML5TargetPlatform
[2016.11.23-16.50.19:361][  0]LogTemp:Display: Loaded TP IOSTargetPlatform
[2016.11.23-16.50.19:364][  0]LogTemp:Display: Loaded TP LinuxNoEditorTargetPlatform
[2016.11.23-16.50.19:368][  0]LogTemp:Display: Loaded TP LinuxServerTargetPlatform
[2016.11.23-16.50.19:409][  0]LogTemp:Display: Loaded TP LinuxTargetPlatform
[2016.11.23-16.50.19:409][  0]LogTargetPlatformManager:Display: Building Assets For Windows
[2016.11.23-16.50.20:095][  0]LogDerivedDataCache:Display: Max Cache Size: 512 MB
[2016.11.23-16.50.20:673][  0]LogDerivedDataCache: Loaded boot cache 0.58s 44MB C:/Users/James/AppData/Local/UnrealEngine/4.10/DerivedDataCache/Boot.ddc.
[2016.11.23-16.50.20:674][  0]LogDerivedDataCache:Display: Loaded Boot cache: C:/Users/James/AppData/Local/UnrealEngine/4.10/DerivedDataCache/Boot.ddc
[2016.11.23-16.50.20:674][  0]LogDerivedDataCache: FDerivedDataBackendGraph:  Pak pak cache file ../../../../../../BloodSport/Blood_Sport/DerivedDataCache/DDC.ddp not found, will not use a pak cache.
[2016.11.23-16.50.20:674][  0]LogDerivedDataCache: Unable to find inner node Pak for hierarchical cache Hierarchy.
[2016.11.23-16.50.20:674][  0]LogDerivedDataCache: FDerivedDataBackendGraph:  CompressedPak pak cache file ../../../../../../BloodSport/Blood_Sport/DerivedDataCache/Compressed.ddp not found, will not use a pak cache.
[2016.11.23-16.50.20:674][  0]LogDerivedDataCache: Unable to find inner node CompressedPak for hierarchical cache Hierarchy.
[2016.11.23-16.50.20:849][  0]LogDerivedDataCache:Display: Pak cache opened for reading ../../../Engine/DerivedDataCache/Compressed.ddp.
[2016.11.23-16.50.20:941][  0]LogDerivedDataCache: Using Local data cache path C:/Users/James/AppData/Local/UnrealEngine/Common/DerivedDataCache: Writable
[2016.11.23-16.50.29:443][  0]LogInit: Selected Device Profile: [Windows]
[2016.11.23-16.50.29:503][  0]LogContentStreaming: Texture pool size is 0.000000MB
[2016.11.23-16.50.30:267][  0]LogMeshUtilities: No automatic mesh reduction module available
[2016.11.23-16.50.30:267][  0]LogMeshUtilities: No automatic mesh merging module available
[2016.11.23-16.50.33:805][  0]LogInit: WinSock: version 1.1 (2.2), MaxSocks=32767, MaxUdp=65467
[2016.11.23-16.51.30:540][  0]UdpMessaging: Initializing bridge on interface 0.0.0.0:0 to multicast group 230.0.0.1:6666.
[2016.11.23-16.51.36:944][  0]LogAssetRegistry: FAssetRegistry took 0.0107 seconds to start up
[2016.11.23-16.51.41:798][  0]SourceControl: Info Source control is disabled
[2016.11.23-16.51.42:335][  0]SourceControl: Info Source control is disabled
[2016.11.23-16.51.42:916][  0]SourceControl: Info Source control is disabled
[2016.11.23-16.51.43:043][  0]SourceControl: Info Source control is disabled
[2016.11.23-16.51.48:561][  0]LogObj: 28633 objects as part of root set at end of initial load.
[2016.11.23-16.51.48:562][  0]LogUObjectAllocator: 6099744 out of 0 bytes used by permanent object pool.
[2016.11.23-16.51.49:826][  0]LogEngine: Initializing Engine...
[2016.11.23-16.51.49:924][  0]LogHMD: Can't find Oculus library dev build: is proper Runtime installed? Version: 0.8.0.0
[2016.11.23-16.51.50:147][  0]LogHMD: SteamVR failed to initialize.  Err: 110
[2016.11.23-16.51.53:595][  0]LogAIModule: Creating AISystem for world NewWorld
[2016.11.23-16.51.54:809][  0]LogInit: XAudio2 using 'Speakers (Turtle Beach Shadow)' : 2 channels at 48 kHz using 16 bits per sample (channel mask 0x3)
[2016.11.23-16.51.54:910][  0]LogInit: FAudioDevice initialized.
[2016.11.23-16.51.55:298][  0]LogDerivedDataCache: Saved boot cache 0.39s 44MB C:/Users/James/AppData/Local/UnrealEngine/4.10/DerivedDataCache/Boot.ddc.
[2016.11.23-16.51.55:308][  0]LogInit: Texture streaming: Enabled
[2016.11.23-16.51.56:041][  0]LogAnalytics: Creating configured Analytics provider AnalyticsET
[2016.11.23-16.51.56:041][  0]LogAnalytics: [UEEditor.Rocket.Release] APIServer = http://et2.epicgames.com/ET2/. AppVersion = 4.10.4-2872498+++depot+UE4-Releases+4.10
[2016.11.23-16.51.56:041][  0]LogAnalytics: [UEEditor.Rocket.Release] SetUserId 09bddae043a558aabc6271bcf52463d9|1b9bcc5a10c040d0908b8d4313eb3591|e5f335d7-5110-4408-814c-f11c35859ffe
[2016.11.23-16.51.56:041][  0]LogAnalytics: [UEEditor.Rocket.Release] AnalyticsET::StartSession
[2016.11.23-16.51.57:663][  0]LogInit: Transaction tracking system initialized
[2016.11.23-16.51.57:858][  0]BlueprintLog: New page: Editor Load
[2016.11.23-16.51.59:170][  0]LocalizationService: Info Localization service is disabled
[2016.11.23-16.52.01:362][  0]LogConsoleResponse:Display: 
[2016.11.23-16.52.07:023][  0]LogCook:Display: Done creating registry. It took  0.00s.
[2016.11.23-16.52.07:868][  0]LogFileCache: Scanning file cache for directory 'C:/BloodSport/Blood_Sport/Content/' took 0.12s
[2016.11.23-16.52.07:868][  0]SourceControl: Info Source control is disabled
[2016.11.23-16.52.07:869][  0]Cmd: MAP LOAD FILE="../../../../../../BloodSport/Blood_Sport/Content/StarterContent/Maps/Minimal_Default.umap" TEMPLATE=0 SHOWPROGRESS=1 FEATURELEVEL=3
[2016.11.23-16.53.12:620][  0]LogWindowsTextInputMethodSystem:Display: IME system now deactivated.
[2016.11.23-16.53.12:622][  0]LightingResults: New page: Lighting Build
[2016.11.23-16.53.12:626][  0]MapCheck: New page: Map Check
[2016.11.23-16.53.12:626][  0]LightingResults: New page: Lighting Build
[2016.11.23-16.53.12:717][  0]LogParticles: Destroying 0 GPU particle simulations for FXSystem 0x000002A20B246AC0
[2016.11.23-16.53.12:720][  0]LogAIModule: Creating AISystem for world NewWorld
[2016.11.23-16.53.12:722][  0]LoadErrors: New page: New Map
[2016.11.23-16.53.12:775][  0]LogWindowsTextInputMethodSystem:Display: IME system now deactivated.
[2016.11.23-16.53.13:113][  0]LogCollectionManager: Loaded 0 collections in 0.001850 seconds
[2016.11.23-16.53.13:182][  0]LogFileCache: Scanning file cache for directory 'C:/BloodSport/Blood_Sport/Saved/Collections/' took 0.01s
[2016.11.23-16.53.13:182][  0]LogFileCache: Scanning file cache for directory 'C:/BloodSport/Blood_Sport/Content/Developers/James/Collections/' took 0.01s
[2016.11.23-16.53.13:182][  0]LogFileCache: Scanning file cache for directory 'C:/BloodSport/Blood_Sport/Content/Collections/' took 0.01s
[2016.11.23-16.53.13:182][  0]LogCollectionManager: Rebuilt the GUID cache for 0 collections in 0.000004 seconds
[2016.11.23-16.53.13:187][  0]LogContentBrowser: Native class hierarchy populated in 0.0055 seconds. Added 1893 classes and 338 folders.
[2016.11.23-16.53.13:193][  0]LogContentBrowser: Native class hierarchy updated for 'WidgetCarousel' in 0.0003 seconds. Added 0 classes and 0 folders.
[2016.11.23-16.53.16:318][  0]LogContentBrowser: Native class hierarchy updated for 'AddContentDialog' in 0.0010 seconds. Added 0 classes and 0 folders.
[2016.11.23-16.53.16:333][  0]LogContentBrowser: Native class hierarchy updated for 'SceneOutliner' in 0.0014 seconds. Added 1 classes and 2 folders.
[2016.11.23-16.53.16:512][  0]LogCrashTracker: Crashtracker disabled due to settings.
[2016.11.23-16.53.16:581][  0]LogUObjectGlobals:Warning: Failed to find object 'Class None.'
[2016.11.23-16.53.16:604][  0]LogLoad: Full Startup: 194.46 seconds (BP compile: 0.37 seconds)
[2016.11.23-16.53.16:615][  0]LogOcInput: Can't find Oculus library dev build: is proper Runtime installed? Version: 0.8.0.0
[2016.11.23-16.53.17:278][  0]LogContentStreaming: Texture pool size now 1000 MB
[2016.11.23-16.53.17:480][  0]LogRenderer: Reallocating scene render targets to support 1208x572 (Frame:2).
[2016.11.23-16.53.18:111][  3]LogAssetRegistry: Asset discovery search completed in 101.1776 seconds
[2016.11.23-16.53.18:111][  3]LogCollectionManager: Rebuilt the object cache for 0 collections in 0.000001 seconds (found 0 objects)
[2016.11.23-16.53.18:111][  3]LogCollectionManager: Fixed up redirectors for 0 collections in 0.000027 seconds (updated 0 objects)
[2016.11.23-16.54.17:180][779]LogActorFactory: Actor Factory created Cube
[2016.11.23-16.54.17:511][811]LogActorFactory: Actor Factory created Cube
[2016.11.23-16.54.18:761][912]Cmd: DELETE
[2016.11.23-16.54.18:761][912]Cmd: ACTOR DELETE
[2016.11.23-16.54.18:762][912]LogEditorActor: Deleted Actor: StaticMeshActor
[2016.11.23-16.54.18:771][912]LogEditorActor: Deleted 1 Actors (0.009 secs)
[2016.11.23-16.54.20:229][ 64]LogTexture:Display: Building textures: Texture2D_2 (G8)
[2016.11.23-16.55.10:955][111]LogEditorViewport: Clicking on Actor (LMB): SkyLight (SkyLight)
[2016.11.23-16.55.13:147][372]LogEditorViewport: Clicking on Actor (LMB): DirectionalLight (DirectionalLight)
[2016.11.23-16.55.42:450][875]LogActorFactory: Actor Factory created Cube
[2016.11.23-16.55.42:873][925]LogActorFactory: Actor Factory created Cube
[2016.11.23-16.56.07:332][849]LogEditorViewport: Clicking Background
[2016.11.23-16.56.10:487][227]LogEditorViewport: Clicking on Actor (LMB): SkyLight (SkyLight)
[2016.11.23-16.57.35:083][342]LogEditorViewport: Clicking on Actor (LMB): SkyLight (SkyLight)
[2016.11.23-16.57.35:515][393]LogEditorViewport: Clicking on Actor (LMB): SkyLight (SkyLight)
[2016.11.23-16.59.10:132][665]LogEditorViewport: Clicking on Actor (LMB): DirectionalLight (DirectionalLight)
[2016.11.23-16.59.51:526][600]MapCheck: New page: Map Check
[2016.11.23-16.59.51:536][600]Cmd: MAP REBUILD ALLVISIBLE
[2016.11.23-16.59.51:536][600]LogEditorServer: Rebuildmap Clear paths rebuilt
[2016.11.23-16.59.51:643][600]MapCheck:Warning: Warning WorldSettings Hierarchical LOD System is disabled or no HLOD level settings available, unable to build LOD actors. 
[2016.11.23-16.59.51:643][600]LogStats:          STAT_HLOD_BuildClusters - 35.746 ms
[2016.11.23-16.59.51:696][600]LightingResults: New page: Lighting Build - 23 Nov 2016 16:59:51
[2016.11.23-17.00.02:669][600]LogStaticLightingSystem:Warning: No importance volume found, so the scene bounding box was used.  You can optimize your scene's quality and lighting build times by adding importance volumes.
[2016.11.23-17.00.02:669][600]LogStaticLightingSystem: Running Lightmass w/ ImmediateImport mode ENABLED
[2016.11.23-17.00.02:669][600]LogStaticLightingSystem: Running Lightmass w/ ImmediateProcess mode ENABLED
[2016.11.23-17.00.02:669][600]LogStaticLightingSystem: Running Lightmass w/ Sorting mode ENABLED
[2016.11.23-17.00.02:669][600]LogStaticLightingSystem: Running Lightmass w/ Mapping paddings ENABLED
[2016.11.23-17.00.02:669][600]LogStaticLightingSystem: Running Lightmass w/ Mapping debug paddings DISABLED
[2016.11.23-17.00.04:157][600]LogEditorBuildUtils: Build time 0:00:12
[2016.11.23-17.00.04:168][600]LogMaterial: Missing cached shader map for material FLightmassMaterialRenderer BasicShapeMaterial, compiling. 
[2016.11.23-17.00.04:452][600]LogMaterial: Missing cached shader map for material FLightmassMaterialRenderer BasicShapeMaterial, compiling. 
[2016.11.23-17.00.09:999][611]Job is a success!
[2016.11.23-17.00.10:700][612]LogTexture:Display: Building textures: SkyOcclusion0_1 (AutoDXT)
[2016.11.23-17.00.10:730][612]LogTexture:Display: Building textures: LQ_Lightmap_0_1 (DXT1)
[2016.11.23-17.00.10:731][612]LogTexture:Display: Building textures: HQ_Lightmap0_1 (AutoDXT)
[2016.11.23-17.00.10:735][612]LogTexture:Display: Building textures: ShadowMapTexture2D_0 (G8)
[2016.11.23-17.00.11:188][612]Lightmass on DESKTOP-T7QNFRT: 2.42 sec total, 303 ms importing, 0 ms setup, 271 ms photons, 1.42 sec processing, 0 ms extra exporting [1/1 mappings]. Threads: 9.82 sec total, 52 ms processing.
[2016.11.23-17.00.11:206][612]LogStaticLightingSystem: Illumination: 19.1 sec (85 ms encoding lightmaps)
[2016.11.23-17.00.11:206][612]LogStaticLightingSystem: Lightmap texture memory:  0.0 MB (0.0 MB streaming, 0.0 MB non-streaming), 2 textures
[2016.11.23-17.00.11:206][612]LogStaticLightingSystem: Shadowmap texture memory: 0.0 MB (0.0 MB streaming, 0.0 MB non-streaming), 1 textures
[2016.11.23-17.00.11:704][613]Cmd: MAP CHECK NOTIFYRESULTS
[2016.11.23-17.00.11:705][613]MapCheck: New page: Untitled_1 - 23 Nov 2016 17:00:11
[2016.11.23-17.00.14:301][613]MapCheck: Info Map check complete: 0 Error(s), 0 Warning(s), took 2,596.194ms to complete.
[2016.11.23-17.02.28:499][387]LogPlayLevel: PlayLevel: No blueprints needed recompiling
[2016.11.23-17.02.28:512][387]PIE: New page: PIE session: Untitled_1 (23 Nov 2016 17:02:28)
[2016.11.23-17.02.28:536][387]LogPlayLevel: Creating play world package: /Temp/UEDPIE_0_Untitled_1
[2016.11.23-17.02.28:672][387]LogPlayLevel: PIE: StaticDuplicateObject took: (0.136148s)
[2016.11.23-17.02.28:674][387]LogAIModule: Creating AISystem for world NewWorld
[2016.11.23-17.02.28:674][387]LogPlayLevel: PIE: World Init took: (0.001503s)
[2016.11.23-17.02.28:674][387]LogPlayLevel: PIE: Created PIE world by copying editor world from /Temp/Untitled_1.NewWorld to /Temp/UEDPIE_0_Untitled_1.NewWorld (0.138167s)
[2016.11.23-17.02.28:731][387]LogInit: XAudio2 using 'Speakers (Turtle Beach Shadow)' : 2 channels at 48 kHz using 16 bits per sample (channel mask 0x3)
[2016.11.23-17.02.28:747][387]LogInit: FAudioDevice initialized.
[2016.11.23-17.02.29:035][387]LogWorld: Game class is 'GameMode'
[2016.11.23-17.02.29:146][387]LogWorld: Bringing World /Temp/UEDPIE_0_Untitled_1.NewWorld up for play (max tick rate 0) at 2016.11.23-17.02.29
[2016.11.23-17.02.29:147][387]LogActor:Warning: GameSession /Temp/UEDPIE_0_Untitled_1.NewWorld:PersistentLevel.GameSession_0 has natively added scene component(s), but none of them were set as the actor's RootComponent - picking one arbitrarily
[2016.11.23-17.02.29:147][387]LogActor:Warning: GameNetworkManager /Temp/UEDPIE_0_Untitled_1.NewWorld:PersistentLevel.GameNetworkManager_0 has natively added scene component(s), but none of them were set as the actor's RootComponent - picking one arbitrarily
[2016.11.23-17.02.29:148][387]LogWorld: Bringing up level for play took: 0.003265
[2016.11.23-17.02.29:472][387]PIE: Info Play in editor start time for /Temp/UEDPIE_0_Untitled_1 0.27
[2016.11.23-17.02.31:904][612]LogParticles: Destroying 0 GPU particle simulations for FXSystem 0x000002A2354756C0
[2016.11.23-17.02.33:557][797]LogEditorViewport: Clicking on Actor (LMB): CameraActor (CameraActor)
[2016.11.23-17.02.34:564][912]Cmd: DELETE
[2016.11.23-17.02.34:564][912]Cmd: ACTOR DELETE
[2016.11.23-17.02.34:564][912]LogEditorActor: Deleted Actor: CameraActor
[2016.11.23-17.02.34:597][912]LogEditorActor: Deleted 1 Actors (0.034 secs)
[2016.11.23-17.02.48:765][595]Cmd: TRANSACTION UNDO
[2016.11.23-17.02.48:765][595]LogEditorTransaction: Undo Move Actors
[2016.11.23-17.03.23:916][762]Cmd: OBJ SAVEPACKAGE PACKAGE="/Temp/Untitled_1" FILE="../../../../../../BloodSport/Blood_Sport/Saved/Autosaves/Temp/Untitled_1_Auto1.umap" SILENT=true AUTOSAVING=true KEEPDIRTY=false
[2016.11.23-17.03.23:970][762]LogSavePackage: Save=45.851994ms
[2016.11.23-17.03.23:970][762]LogSavePackage: Moving '../../../../../../BloodSport/Blood_Sport/Saved/Untitled_1_Auto169582A5747910794DD13FD8007AC1CF4.tmp' to '../../../../../../BloodSport/Blood_Sport/Saved/Autosaves/Temp/Untitled_1_Auto1.umap'
[2016.11.23-17.03.23:972][762]LogSavePackage: Total save time: 56.077927ms
[2016.11.23-17.03.23:972][762]LogSavePackage:Display: Finished SavePackage ../../../../../../BloodSport/Blood_Sport/Saved/Autosaves/Temp/Untitled_1_Auto1.umap
[2016.11.23-17.03.23:978][762]LogFileHelpers: Editor autosave (incl. sublevels) for '/Temp/Untitled_1' took 0.178
[2016.11.23-17.03.23:978][762]LogFileHelpers: Editor autosave (incl. sublevels) for all levels took 0.178
[2016.11.23-17.03.55:124][498]MapCheck: New page: Map Check
[2016.11.23-17.03.55:133][498]Cmd: MAP REBUILD ALLVISIBLE
[2016.11.23-17.03.55:133][498]LogEditorServer: Rebuildmap Clear paths rebuilt
[2016.11.23-17.03.55:144][498]MapCheck:Warning: Warning WorldSettings Hierarchical LOD System is disabled or no HLOD level settings available, unable to build LOD actors. 
[2016.11.23-17.03.55:144][498]LogStats:          STAT_HLOD_BuildClusters -  8.193 ms
[2016.11.23-17.03.55:144][498]LightingResults: New page: Lighting Build - 23 Nov 2016 17:03:55
[2016.11.23-17.03.55:182][498]LogStaticLightingSystem:Warning: No importance volume found, so the scene bounding box was used.  You can optimize your scene's quality and lighting build times by adding importance volumes.
[2016.11.23-17.03.55:183][498]LogStaticLightingSystem: Running Lightmass w/ ImmediateImport mode ENABLED
[2016.11.23-17.03.55:183][498]LogStaticLightingSystem: Running Lightmass w/ ImmediateProcess mode ENABLED
[2016.11.23-17.03.55:183][498]LogStaticLightingSystem: Running Lightmass w/ Sorting mode ENABLED
[2016.11.23-17.03.55:183][498]LogStaticLightingSystem: Running Lightmass w/ Mapping paddings ENABLED
[2016.11.23-17.03.55:183][498]LogStaticLightingSystem: Running Lightmass w/ Mapping debug paddings DISABLED
[2016.11.23-17.03.55:702][498]LogEditorBuildUtils: Build time 0:00:00
[2016.11.23-17.03.56:756][582]Job is a success!
[2016.11.23-17.03.56:839][583]LogTexture:Display: Building textures: SkyOcclusion1_1 (AutoDXT)
[2016.11.23-17.03.56:839][583]LogTexture:Display: Building textures: LQ_Lightmap_1_1 (DXT1)
[2016.11.23-17.03.56:840][583]LogTexture:Display: Building textures: HQ_Lightmap1_1 (AutoDXT)
[2016.11.23-17.03.56:842][583]LogTexture:Display: Building textures: ShadowMapTexture2D_1 (G8)
[2016.11.23-17.03.56:863][583]Lightmass on DESKTOP-T7QNFRT: 719 ms total, 73 ms importing, 0 ms setup, 272 ms photons, 343 ms processing, 0 ms extra exporting [1/1 mappings]. Threads: 2.24 sec total, 42 ms processing.
[2016.11.23-17.03.56:870][583]LogStaticLightingSystem: Illumination: 1.71 sec (7 ms encoding lightmaps)
[2016.11.23-17.03.56:870][583]LogStaticLightingSystem: Lightmap texture memory:  0.0 MB (0.0 MB streaming, 0.0 MB non-streaming), 2 textures
[2016.11.23-17.03.56:870][583]LogStaticLightingSystem: Shadowmap texture memory: 0.0 MB (0.0 MB streaming, 0.0 MB non-streaming), 2 textures
[2016.11.23-17.03.57:202][584]Cmd: MAP CHECK NOTIFYRESULTS
[2016.11.23-17.03.57:203][584]MapCheck: New page: Untitled_1 - 23 Nov 2016 17:03:57
[2016.11.23-17.03.57:276][584]MapCheck: Info Map check complete: 0 Error(s), 0 Warning(s), took 73.772ms to complete.
[2016.11.23-17.03.59:102][799]LogPlayLevel: PlayLevel: No blueprints needed recompiling
[2016.11.23-17.03.59:102][799]PIE: New page: PIE session: Untitled_1 (23 Nov 2016 17:03:59)
[2016.11.23-17.03.59:102][799]LogPlayLevel: Creating play world package: /Temp/UEDPIE_0_Untitled_1
[2016.11.23-17.03.59:129][799]LogPlayLevel: PIE: StaticDuplicateObject took: (0.027183s)
[2016.11.23-17.03.59:130][799]LogAIModule: Creating AISystem for world NewWorld
[2016.11.23-17.03.59:130][799]LogPlayLevel: PIE: World Init took: (0.000551s)
[2016.11.23-17.03.59:130][799]LogPlayLevel: PIE: Created PIE world by copying editor world from /Temp/Untitled_1.NewWorld to /Temp/UEDPIE_0_Untitled_1.NewWorld (0.027936s)
[2016.11.23-17.03.59:141][799]LogInit: XAudio2 using 'Speakers (Turtle Beach Shadow)' : 2 channels at 48 kHz using 16 bits per sample (channel mask 0x3)
[2016.11.23-17.03.59:147][799]LogInit: FAudioDevice initialized.
[2016.11.23-17.03.59:178][799]LogWorld: Game class is 'GameMode'
[2016.11.23-17.03.59:180][799]LogWorld: Bringing World /Temp/UEDPIE_0_Untitled_1.NewWorld up for play (max tick rate 0) at 2016.11.23-17.03.59
[2016.11.23-17.03.59:180][799]LogActor:Warning: GameSession /Temp/UEDPIE_0_Untitled_1.NewWorld:PersistentLevel.GameSession_1 has natively added scene component(s), but none of them were set as the actor's RootComponent - picking one arbitrarily
[2016.11.23-17.03.59:180][799]LogActor:Warning: GameNetworkManager /Temp/UEDPIE_0_Untitled_1.NewWorld:PersistentLevel.GameNetworkManager_1 has natively added scene component(s), but none of them were set as the actor's RootComponent - picking one arbitrarily
[2016.11.23-17.03.59:332][799]LogWorld: Bringing up level for play took: 0.152239
[2016.11.23-17.03.59:332][799]LogPathFollowing:Warning: No NavigationData found while trying to cache it for AIController_0's PathFollowingComponent
[2016.11.23-17.03.59:334][799]PIE: Info Play in editor start time for /Temp/UEDPIE_0_Untitled_1 0.132
[2016.11.23-17.04.01:098][994]LogParticles: Destroying 0 GPU particle simulations for FXSystem 0x000002A209D244A0
[2016.11.23-17.05.14:045][712]LogEditorViewport: Clicking on Actor (LMB): CameraActor (CameraActor)
[2016.11.23-17.05.14:867][810]Cmd: DELETE
[2016.11.23-17.05.14:867][810]Cmd: ACTOR DELETE
[2016.11.23-17.05.14:868][810]LogEditorActor: Deleted Actor: CameraActor
[2016.11.23-17.05.14:901][810]LogEditorActor: Deleted 1 Actors (0.033 secs)
[2016.11.23-17.05.15:783][915]LogEditorViewport: Clicking on Actor (LMB): Character (Character)
[2016.11.23-17.05.16:337][977]Cmd: DELETE
[2016.11.23-17.05.16:337][977]Cmd: ACTOR DELETE
[2016.11.23-17.05.16:338][977]LogEditorActor: Deleted Actor: Character
[2016.11.23-17.05.16:347][977]LogEditorActor: Deleted 1 Actors (0.009 secs)
[2016.11.23-17.05.17:288][ 90]LogEditorViewport: Clicking on Actor (LMB): StaticMeshActor (Cube)
[2016.11.23-17.05.20:794][506]Cmd: DELETE
[2016.11.23-17.05.20:794][506]Cmd: ACTOR DELETE
[2016.11.23-17.05.20:794][506]LogEditorActor: Deleted Actor: StaticMeshActor
[2016.11.23-17.05.20:802][506]LogEditorActor: Deleted 1 Actors (0.009 secs)
[2016.11.23-17.05.21:618][604]LogEditorViewport: Clicking on Actor (LMB): SkyLight (SkyLight)
[2016.11.23-17.05.22:068][656]Cmd: DELETE
[2016.11.23-17.05.22:068][656]Cmd: ACTOR DELETE
[2016.11.23-17.05.22:069][656]LogEditorActor: Deleted Actor: SkyLight
[2016.11.23-17.05.22:077][656]LogEditorActor: Deleted 1 Actors (0.009 secs)
[2016.11.23-17.05.43:296][200]LogEditorViewport: Clicking Background
[2016.11.23-17.05.46:938][635]LogEditorViewport: Clicking Background
[2016.11.23-17.07.36:994][731]LogGameProjectGeneration:Verbose: 'C:/Program Files/Epic Games/4.10/Templates/TP_TopDownBP/Media/TP_TopDownBP.png': Skipping as it is in an ignored folder 'Media'
[2016.11.23-17.07.36:994][731]LogGameProjectGeneration:Verbose: 'C:/Program Files/Epic Games/4.10/Templates/TP_TopDownBP/Media/TP_TopDownBP_Preview.png': Skipping as it is in an ignored folder 'Media'
[2016.11.23-17.07.39:179][732]Cmd: CLOSE_SLATE_MAINFRAME
[2016.11.23-17.07.39:226][732]LogActorComponent: UnregisterComponent: (/Engine/Transient.MovementComponent0) Not registered. Aborting.
[2016.11.23-17.07.41:601][732]LogWindowsTextInputMethodSystem:Display: IME system now deactivated.
[2016.11.23-17.07.41:852][733]Cmd: QUIT_EDITOR
[2016.11.23-17.07.42:585][733]LogExit: Preparing to exit.
[2016.11.23-17.07.43:153][733]LogExit: Editor shut down
[2016.11.23-17.07.43:153][733]LogExit: Transaction tracking system shut down
[2016.11.23-17.07.43:205][733]LogParticles: Destroying 0 GPU particle simulations for FXSystem 0x000002A20B246AC0
[2016.11.23-17.07.43:205][733]LogParticles: Destroying 0 GPU particle simulations for FXSystem 0x000002A217EA9DA0
[2016.11.23-17.07.43:205][733]LogParticles: Destroying 0 GPU particle simulations for FXSystem 0x000002A230BC1300
[2016.11.23-17.07.43:205][733]LogParticles: Destroying 0 GPU particle simulations for FXSystem 0x000002A2353DC5E0
[2016.11.23-17.07.43:973][733]LogExit: Object subsystem successfully closed.
[2016.11.23-17.07.44:277][733]LogD3D11RHI: Shutdown
[2016.11.23-17.07.44:277][733]LogD3D11RHI: CleanupD3DDevice
[2016.11.23-17.07.44:455][733]LogD3D11RHI: ~FD3D11DynamicRHI
[2016.11.23-17.07.44:762][733]LogModuleManager: Shutting down and abandoning module CookingStats (200)
[2016.11.23-17.07.44:762][733]LogModuleManager: Shutting down and abandoning module ExternalImagePicker (199)
[2016.11.23-17.07.44:762][733]LogModuleManager: Shutting down and abandoning module CrashTracker (198)
[2016.11.23-17.07.44:762][733]LogModuleManager: Shutting down and abandoning module SceneOutliner (197)
[2016.11.23-17.07.44:762][733]LogModuleManager: Shutting down and abandoning module SuperSearch (196)
[2016.11.23-17.07.44:762][733]LogModuleManager: Shutting down and abandoning module WidgetCarousel (195)
[2016.11.23-17.07.44:762][733]LogModuleManager: Shutting down and abandoning module AddContentDialog (194)
[2016.11.23-17.07.44:763][733]LogModuleManager: Shutting down and abandoning module EditorWidgets (193)
[2016.11.23-17.07.44:763][733]LogModuleManager: Shutting down and abandoning module CollectionManager (192)
[2016.11.23-17.07.44:763][733]LogModuleManager: Shutting down and abandoning module StatsViewer (191)
[2016.11.23-17.07.44:763][733]LogModuleManager: Shutting down and abandoning module FoliageEdit (190)
[2016.11.23-17.07.44:763][733]LogModuleManager: Shutting down and abandoning module LandscapeEditor (189)
[2016.11.23-17.07.44:764][733]LogModuleManager: Shutting down and abandoning module ActorPickerMode (188)
[2016.11.23-17.07.44:764][733]LogModuleManager: Shutting down and abandoning module GeometryMode (187)
[2016.11.23-17.07.44:764][733]LogModuleManager: Shutting down and abandoning module TextureAlignMode (186)
[2016.11.23-17.07.44:764][733]LogModuleManager: Shutting down and abandoning module BspMode (185)
[2016.11.23-17.07.44:764][733]LogModuleManager: Shutting down and abandoning module PlacementMode (184)
[2016.11.23-17.07.44:764][733]LogModuleManager: Shutting down and abandoning module AutomationWorker (183)
[2016.11.23-17.07.44:764][733]LogModuleManager: Shutting down and abandoning module CharacterAI (182)
[2016.11.23-17.07.44:764][733]LogModuleManager: Shutting down and abandoning module SmartSnapping (181)
[2016.11.23-17.07.44:764][733]LogModuleManager: Shutting down and abandoning module ViewportSnapping (180)
[2016.11.23-17.07.44:764][733]LogModuleManager: Shutting down and abandoning module LogVisualizer (179)
[2016.11.23-17.07.44:764][733]LogModuleManager: Shutting down and abandoning module GameProjectGeneration (178)
[2016.11.23-17.07.44:764][733]LogModuleManager: Shutting down and abandoning module IntroTutorials (177)
[2016.11.23-17.07.44:764][733]LogModuleManager: Shutting down and abandoning module EditorLiveStreaming (176)
[2016.11.23-17.07.44:764][733]LogModuleManager: Shutting down and abandoning module IOSPlatformEditor (175)
[2016.11.23-17.07.44:764][733]LogModuleManager: Shutting down and abandoning module HTML5PlatformEditor (174)
[2016.11.23-17.07.44:764][733]LogModuleManager: Shutting down and abandoning module AndroidDeviceDetection (173)
[2016.11.23-17.07.45:105][733]LogModuleManager: Shutting down and abandoning module AndroidPlatformEditor (172)
[2016.11.23-17.07.45:105][733]LogModuleManager: Shutting down and abandoning module IOSRuntimeSettings (171)
[2016.11.23-17.07.45:105][733]LogModuleManager: Shutting down and abandoning module AndroidRuntimeSettings (170)
[2016.11.23-17.07.45:105][733]LogModuleManager: Shutting down and abandoning module MergeActors (169)
[2016.11.23-17.07.45:105][733]LogModuleManager: Shutting down and abandoning module SizeMap (168)
[2016.11.23-17.07.45:105][733]LogModuleManager: Shutting down and abandoning module TreeMap (167)
[2016.11.23-17.07.45:105][733]LogModuleManager: Shutting down and abandoning module ReferenceViewer (166)
[2016.11.23-17.07.45:105][733]LogModuleManager: Shutting down and abandoning module LocalizationService (165)
[2016.11.23-17.07.45:105][733]LogModuleManager: Shutting down and abandoning module LocalizationDashboard (164)
[2016.11.23-17.07.45:105][733]LogModuleManager: Shutting down and abandoning module HardwareTargeting (163)
[2016.11.23-17.07.45:105][733]LogModuleManager: Shutting down and abandoning module DeviceProfileEditor (162)
[2016.11.23-17.07.45:105][733]LogModuleManager: Shutting down and abandoning module UndoHistory (161)
[2016.11.23-17.07.45:105][733]LogModuleManager: Shutting down and abandoning module GameplayTagsEditor (160)
[2016.11.23-17.07.45:105][733]LogModuleManager: Shutting down and abandoning module UserFeedback (159)
[2016.11.23-17.07.45:105][733]LogModuleManager: Shutting down and abandoning module XmlParser (158)
[2016.11.23-17.07.45:105][733]LogModuleManager: Shutting down and abandoning module Blutility (157)
[2016.11.23-17.07.45:105][733]LogModuleManager: Shutting down and abandoning module ProjectTargetPlatformEditor (156)
[2016.11.23-17.07.45:105][733]LogModuleManager: Shutting down and abandoning module ProjectSettingsViewer (155)
[2016.11.23-17.07.45:105][733]LogModuleManager: Shutting down and abandoning module InputBindingEditor (154)
[2016.11.23-17.07.45:106][733]LogModuleManager: Shutting down and abandoning module EditorSettingsViewer (153)
[2016.11.23-17.07.45:106][733]LogModuleManager: Shutting down and abandoning module SettingsEditor (152)
[2016.11.23-17.07.45:106][733]LogModuleManager: Shutting down and abandoning module ProjectLauncher (151)
[2016.11.23-17.07.45:106][733]LogModuleManager: Shutting down and abandoning module SessionFrontend (150)
[2016.11.23-17.07.45:106][733]LogModuleManager: Shutting down and abandoning module ProfilerClient (149)
[2016.11.23-17.07.45:106][733]LogModuleManager: Shutting down and abandoning module TargetDeviceServices (148)
[2016.11.23-17.07.45:106][733]LogModuleManager: Shutting down and abandoning module DeviceManager (147)
[2016.11.23-17.07.45:106][733]LogModuleManager: Shutting down and abandoning module AutomationController (146)
[2016.11.23-17.07.45:130][733]LogModuleManager: Shutting down and abandoning module AutomationWindow (145)
[2016.11.23-17.07.45:130][733]LogModuleManager: Shutting down and abandoning module Layers (144)
[2016.11.23-17.07.45:130][733]LogModuleManager: Shutting down and abandoning module ComponentVisualizers (143)
[2016.11.23-17.07.45:130][733]LogModuleManager: Shutting down and abandoning module DetailCustomizations (142)
[2016.11.23-17.07.45:130][733]LogModuleManager: Shutting down and abandoning module PackagesDialog (141)
[2016.11.23-17.07.45:131][733]LogModuleManager: Shutting down and abandoning module Persona (140)
[2016.11.23-17.07.45:131][733]LogModuleManager: Shutting down and abandoning module Kismet (139)
[2016.11.23-17.07.45:131][733]LogModuleManager: Shutting down and abandoning module GraphEditor (138)
[2016.11.23-17.07.45:131][733]LogModuleManager: Shutting down and abandoning module ClassViewer (137)
[2016.11.23-17.07.45:131][733]LogModuleManager: Shutting down and abandoning module Toolbox (136)
[2016.11.23-17.07.45:131][733]LogModuleManager: Shutting down and abandoning module ModuleUI (135)
[2016.11.23-17.07.45:131][733]LogModuleManager: Shutting down and abandoning module MovieSceneTools (134)
[2016.11.23-17.07.45:131][733]LogModuleManager: Shutting down and abandoning module OutputLog (133)
[2016.11.23-17.07.45:131][733]LogModuleManager: Shutting down and abandoning module GammaUI (132)
[2016.11.23-17.07.45:131][733]LogModuleManager: Shutting down and abandoning module Documentation (131)
[2016.11.23-17.07.45:131][733]LogModuleManager: Shutting down and abandoning module GameLiveStreaming (130)
[2016.11.23-17.07.45:131][733]LogModuleManager: Shutting down and abandoning module StreamingPauseRendering (129)
[2016.11.23-17.07.45:131][733]LogModuleManager: Shutting down and abandoning module AnalyticsET (128)
[2016.11.23-17.07.45:131][733]LogModuleManager: Shutting down and abandoning module Analytics (127)
[2016.11.23-17.07.45:131][733]LogModuleManager: Shutting down and abandoning module AITestSuite (126)
[2016.11.23-17.07.45:131][733]LogModuleManager: Shutting down and abandoning module GameplayDebugger (125)
[2016.11.23-17.07.45:131][733]LogModuleManager: Shutting down and abandoning module AIModule (124)
[2016.11.23-17.07.45:131][733]LogModuleManager: Shutting down and abandoning module ProfilerService (123)
[2016.11.23-17.07.45:155][733]LogModuleManager: Shutting down and abandoning module TaskGraph (122)
[2016.11.23-17.07.45:155][733]LogModuleManager: Shutting down and abandoning module SlateRemote (121)
[2016.11.23-17.07.45:155][733]LogModuleManager: Shutting down and abandoning module SteamVRController (120)
[2016.11.23-17.07.45:155][733]LogModuleManager: Shutting down and abandoning module SteamVR (119)
[2016.11.23-17.07.45:155][733]LogModuleManager: Shutting down and abandoning module ProceduralMeshComponent (118)
[2016.11.23-17.07.45:155][733]LogModuleManager: Shutting down and abandoning module OculusLibrary (117)
[2016.11.23-17.07.45:155][733]LogModuleManager: Shutting down and abandoning module OculusInput (116)
[2016.11.23-17.07.45:155][733]LogModuleManager: Shutting down and abandoning module LeapMotionController (115)
[2016.11.23-17.07.45:247][733]LogModuleManager: Shutting down and abandoning module CustomMeshComponent (114)
[2016.11.23-17.07.45:247][733]LogModuleManager: Shutting down and abandoning module CableComponent (113)
[2016.11.23-17.07.45:257][733]LogModuleManager: Shutting down and abandoning module ArchVisCharacter (112)
[2016.11.23-17.07.45:257][733]LogModuleManager: Shutting down and abandoning module MessagingDebugger (111)
[2016.11.23-17.07.45:281][733]LogModuleManager: Shutting down and abandoning module MediaPlayerEditor (110)
[2016.11.23-17.07.45:308][733]LogModuleManager: Shutting down and abandoning module HTML5Networking (109)
[2016.11.23-17.07.45:308][733]LogModuleManager: Shutting down and abandoning module SpeedTreeImporter (108)
[2016.11.23-17.07.45:308][733]LogModuleManager: Shutting down and abandoning module PluginBrowser (107)
[2016.11.23-17.07.45:336][733]LogModuleManager: Shutting down and abandoning module EpicSurvey (106)
[2016.11.23-17.07.45:367][733]LogModuleManager: Shutting down and abandoning module DesktopPlatform (105)
[2016.11.23-17.07.45:367][733]LogModuleManager: Shutting down and abandoning module VisualStudioSourceCodeAccess (104)
[2016.11.23-17.07.45:367][733]LogModuleManager: Shutting down and abandoning module UObjectPlugin (103)
[2016.11.23-17.07.45:367][733]LogModuleManager: Shutting down and abandoning module SubversionSourceControl (102)
[2016.11.23-17.07.45:405][733]LogModuleManager: Shutting down and abandoning module PerforceSourceControl (101)
[2016.11.23-17.07.45:486][733]LogModuleManager: Shutting down and abandoning module SourceControl (100)
[2016.11.23-17.07.45:486][733]LogModuleManager: Shutting down and abandoning module GitSourceControl (99)
[2016.11.23-17.07.45:510][733]LogModuleManager: Shutting down and abandoning module LightPropagationVolumeEditor (98)
[2016.11.23-17.07.45:510][733]LogModuleManager: Shutting down and abandoning module PaperTiledImporter (97)
[2016.11.23-17.07.45:522][733]LogModuleManager: Shutting down and abandoning module PaperSpriteSheetImporter (96)
[2016.11.23-17.07.45:522][733]LogModuleManager: Shutting down and abandoning module MeshPaint (95)
[2016.11.23-17.07.45:522][733]LogModuleManager: Shutting down and abandoning module SlateReflector (94)
[2016.11.23-17.07.45:522][733]LogModuleManager: Shutting down and abandoning module HotReload (93)
[2016.11.23-17.07.45:523][733]LogModuleManager: Shutting down and abandoning module MainFrame (92)
[2016.11.23-17.07.45:523][733]LogModuleManager: Shutting down and abandoning module LevelEditor (91)
[2016.11.23-17.07.45:523][733]LogModuleManager: Shutting down and abandoning module DirectoryWatcher (90)
[2016.11.23-17.07.45:524][733]LogModuleManager: Shutting down and abandoning module AssetRegistry (89)
[2016.11.23-17.07.45:718][733]LogModuleManager: Shutting down and abandoning module ContentBrowser (88)
[2016.11.23-17.07.45:718][733]LogModuleManager: Shutting down and abandoning module Paper2DEditor (87)
[2016.11.23-17.07.45:783][733]LogModuleManager: Shutting down and abandoning module UdpMessaging (86)
[2016.11.23-17.07.45:884][733]LogModuleManager: Shutting down and abandoning module LightPropagationVolumeRuntime (85)
[2016.11.23-17.07.45:884][733]LogModuleManager: Shutting down and abandoning module Paper2D (84)
[2016.11.23-17.07.46:036][733]LogModuleManager: Shutting down and abandoning module WindowsMoviePlayer (83)
[2016.11.23-17.07.46:038][733]LogModuleManager: Shutting down and abandoning module Media (82)
[2016.11.23-17.07.46:039][733]LogModuleManager: Shutting down and abandoning module WmfMedia (81)
[2016.11.23-17.07.46:088][733]LogModuleManager: Shutting down and abandoning module OnlineBlueprintSupport (80)
[2016.11.23-17.07.46:088][733]LogModuleManager: Shutting down and abandoning module GameplayTasksEditor (79)
[2016.11.23-17.07.46:088][733]LogModuleManager: Shutting down and abandoning module PropertyEditor (78)
[2016.11.23-17.07.46:088][733]LogModuleManager: Shutting down and abandoning module BehaviorTreeEditor (77)
[2016.11.23-17.07.46:088][733]LogModuleManager: Shutting down and abandoning module FunctionalTesting (76)
[2016.11.23-17.07.46:088][733]LogModuleManager: Shutting down and abandoning module CollisionAnalyzer (75)
[2016.11.23-17.07.46:088][733]LogModuleManager: Shutting down and abandoning module WorkspaceMenuStructure (74)
[2016.11.23-17.07.46:088][733]LogModuleManager: Shutting down and abandoning module MessageLog (73)
[2016.11.23-17.07.46:088][733]LogModuleManager: Shutting down and abandoning module Sequencer (72)
[2016.11.23-17.07.46:088][733]LogModuleManager: Shutting down and abandoning module AssetTools (71)
[2016.11.23-17.07.46:088][733]LogModuleManager: Shutting down and abandoning module UMGEditor (70)
[2016.11.23-17.07.46:088][733]LogModuleManager: Shutting down and abandoning module UMG (69)
[2016.11.23-17.07.46:088][733]LogModuleManager: Shutting down and abandoning module Slate (68)
[2016.11.23-17.07.46:088][733]LogModuleManager: Shutting down and abandoning module EditorStyle (67)
[2016.11.23-17.07.46:090][733]LogModuleManager: Shutting down and abandoning module SessionServices (66)
[2016.11.23-17.07.46:090][733]LogModuleManager: Shutting down and abandoning module SourceCodeAccess (65)
[2016.11.23-17.07.46:090][733]LogModuleManager: Shutting down and abandoning module HeadMountedDisplay (64)
[2016.11.23-17.07.46:090][733]LogModuleManager: Shutting down and abandoning module XAudio2 (63)
[2016.11.23-17.07.46:090][733]LogModuleManager: Shutting down and abandoning module Networking (61)
[2016.11.23-17.07.46:090][733]LogModuleManager: Shutting down and abandoning module Core (60)
[2016.11.23-17.07.46:090][733]LogModuleManager: Shutting down and abandoning module KismetCompiler (59)
[2016.11.23-17.07.46:090][733]LogModuleManager: Shutting down and abandoning module PhysXFormats (58)
[2016.11.23-17.07.46:090][733]LogModuleManager: Shutting down and abandoning module MeshUtilities (57)
[2016.11.23-17.07.46:090][733]LogModuleManager: Shutting down and abandoning module DerivedDataCache (56)
[2016.11.23-17.07.46:111][733]LogDerivedDataCache: Shutdown
[2016.11.23-17.07.46:111][733]LogModuleManager: Shutting down and abandoning module ShaderFormatOpenGL (55)
[2016.11.23-17.07.46:111][733]LogModuleManager: Shutting down and abandoning module ShaderFormatD3D (54)
[2016.11.23-17.07.46:111][733]LogModuleManager: Shutting down and abandoning module MetalShaderFormat (53)
[2016.11.23-17.07.46:111][733]LogModuleManager: Shutting down and abandoning module TextureFormatUncompressed (52)
[2016.11.23-17.07.46:111][733]LogModuleManager: Shutting down and abandoning module TextureFormatPVR (51)
[2016.11.23-17.07.46:111][733]LogModuleManager: Shutting down and abandoning module TextureFormatIntelISPCTexComp (50)
[2016.11.23-17.07.46:111][733]LogModuleManager: Shutting down and abandoning module TextureFormatDXT (49)
[2016.11.23-17.07.46:111][733]LogModuleManager: Shutting down and abandoning module ImageWrapper (48)
[2016.11.23-17.07.46:111][733]LogModuleManager: Shutting down and abandoning module TextureFormatASTC (47)
[2016.11.23-17.07.46:111][733]LogModuleManager: Shutting down and abandoning module TextureFormatAndroid (46)
[2016.11.23-17.07.46:111][733]LogModuleManager: Shutting down and abandoning module AudioFormatOpus (45)
[2016.11.23-17.07.46:111][733]LogModuleManager: Shutting down and abandoning module AudioFormatOgg (44)
[2016.11.23-17.07.46:111][733]LogModuleManager: Shutting down and abandoning module AudioFormatADPCM (43)
[2016.11.23-17.07.46:111][733]LogModuleManager: Shutting down and abandoning module LinuxTargetPlatform (42)
[2016.11.23-17.07.46:111][733]LogModuleManager: Shutting down and abandoning module LinuxServerTargetPlatform (41)
[2016.11.23-17.07.46:111][733]LogModuleManager: Shutting down and abandoning module LinuxNoEditorTargetPlatform (40)
[2016.11.23-17.07.46:111][733]LogModuleManager: Shutting down and abandoning module Messaging (39)
[2016.11.23-17.07.46:111][733]LogModuleManager: Shutting down and abandoning module IOSTargetPlatform (38)
[2016.11.23-17.07.46:111][733]LogModuleManager: Shutting down and abandoning module HTML5TargetPlatform (37)
[2016.11.23-17.07.46:111][733]LogModuleManager: Shutting down and abandoning module Android_PVRTCTargetPlatform (36)
[2016.11.23-17.07.46:111][733]LogModuleManager: Shutting down and abandoning module Android_MultiTargetPlatform (35)
[2016.11.23-17.07.46:111][733]LogModuleManager: Shutting down and abandoning module Android_ETC2TargetPlatform (34)
[2016.11.23-17.07.46:111][733]LogModuleManager: Shutting down and abandoning module Android_ETC1TargetPlatform (33)
[2016.11.23-17.07.46:111][733]LogModuleManager: Shutting down and abandoning module Android_DXTTargetPlatform (32)
[2016.11.23-17.07.46:111][733]LogModuleManager: Shutting down and abandoning module Android_ATCTargetPlatform (31)
[2016.11.23-17.07.46:111][733]LogModuleManager: Shutting down and abandoning module Android_ASTCTargetPlatform (30)
[2016.11.23-17.07.46:111][733]LogModuleManager: Shutting down and abandoning module AndroidTargetPlatform (29)
[2016.11.23-17.07.46:111][733]LogModuleManager: Shutting down and abandoning module WindowsTargetPlatform (28)
[2016.11.23-17.07.46:111][733]LogModuleManager: Shutting down and abandoning module WindowsServerTargetPlatform (27)
[2016.11.23-17.07.46:111][733]LogModuleManager: Shutting down and abandoning module WindowsNoEditorTargetPlatform (26)
[2016.11.23-17.07.46:111][733]LogModuleManager: Shutting down and abandoning module WindowsClientTargetPlatform (25)
[2016.11.23-17.07.46:111][733]LogModuleManager: Shutting down and abandoning module AllDesktopTargetPlatform (24)
[2016.11.23-17.07.46:111][733]LogModuleManager: Shutting down and abandoning module TargetPlatform (23)
[2016.11.23-17.07.46:111][733]LogModuleManager: Shutting down and abandoning module InputCore (22)
[2016.11.23-17.07.46:111][733]LogModuleManager: Shutting down and abandoning module Settings (21)
[2016.11.23-17.07.46:111][733]LogModuleManager: Shutting down and abandoning module OnlineSubsystem (19)
[2016.11.23-17.07.46:111][733]LogModuleManager: Shutting down and abandoning module HTTP (18)
[2016.11.23-17.07.47:113][733]LogModuleManager: Shutting down and abandoning module XMPP (17)
[2016.11.23-17.07.47:113][733]LogModuleManager: Shutting down and abandoning module OculusRift (16)
[2016.11.23-17.07.47:139][733]LogModuleManager: Shutting down and abandoning module ExampleDeviceProfileSelector (15)
[2016.11.23-17.07.47:139][733]LogModuleManager: Shutting down and abandoning module TextureCompressor (14)
[2016.11.23-17.07.47:139][733]LogModuleManager: Shutting down and abandoning module ShaderCore (13)
[2016.11.23-17.07.47:139][733]LogModuleManager: Shutting down and abandoning module Landscape (12)
[2016.11.23-17.07.47:139][733]LogModuleManager: Shutting down and abandoning module SlateRHIRenderer (11)
[2016.11.23-17.07.47:143][733]LogModuleManager: Shutting down and abandoning module OpenGLDrv (10)
[2016.11.23-17.07.47:143][733]LogModuleManager: Shutting down and abandoning module D3D11RHI (9)
[2016.11.23-17.07.47:143][733]LogModuleManager: Shutting down and abandoning module AnimGraphRuntime (8)
[2016.11.23-17.07.47:143][733]LogModuleManager: Shutting down and abandoning module Renderer (7)
[2016.11.23-17.07.47:143][733]LogModuleManager: Shutting down and abandoning module Engine (6)
[2016.11.23-17.07.47:144][733]LogModuleManager: Shutting down and abandoning module CoreUObject (5)
[2016.11.23-17.07.47:144][733]LogModuleManager: Shutting down and abandoning module NetworkFile (4)
[2016.11.23-17.07.47:144][733]LogModuleManager: Shutting down and abandoning module StreamingFile (3)
[2016.11.23-17.07.47:144][733]LogModuleManager: Shutting down and abandoning module SandboxFile (2)
[2016.11.23-17.07.47:144][733]LogModuleManager: Shutting down and abandoning module PakFile (1)
[2016.11.23-17.07.47:146][733]LogExit: Exiting.
[2016.11.23-17.07.47:156][733]Log file closed, 11/23/16 17:07:47
